18:52:36 scenario.file.loc[Ljava.lang.String;@4e91d63f
18:52:37 loading BDD file: scenarios/suite1.bdd
18:52:37 total test found: 2
18:52:37 

Executing scenario: Data Driven - XML Data Driven
18:52:37 Test Data{categoryname=Electronics, subcategoryname=Apple, productname=iPad, productindex=0}
18:52:37 pkg: com.qmetry.qaf.automation.step
18:52:37 pkg: com.ass2.pages
18:52:37 Found duplicate step to load [] with [lower] prority then []
18:52:37 Invoking Teststep: Given I launch flipkart app
18:52:51 Completed Teststep: Given I launch flipkart app
18:52:51 Invoking Teststep: When I open ${categoryname} from main menu with arguments: [${categoryname}]
18:52:53 Completed Teststep: When I open Electronics from main menu with arguments: [${categoryname}]
18:52:53 
/**
* Auto-generated code snippet by QMetry Automation Framework.
*/
@QAFTestStep(description="I should see main menu expanded")
public void iShouldSeeMainMenuExpanded(){
	//TODO: remove NotYetImplementedException and call test steps
	throw new NotYetImplementedException();
}
18:52:53 Competed scenario: Data Driven with status FAILURE
18:52:53 

Executing scenario: Component - Scenario2
18:52:53 Invoking Teststep: Given When I click on ipad
18:53:23 Failure Teststep: Given When I click on ipad
org.openqa.selenium.TimeoutException: Timed out after 30 seconds: Wait time out for click on ipad to be visible
Build info: version: '2.53.0', revision: '35ae25b1534ae328c771e0856c93e187490ca824', time: '2016-03-15 10:43:46'
System info: host: 'ICPL12361', ip: '192.168.38.2', os.name: 'Windows 10', os.arch: 'amd64', os.version: '10.0', java.version: '1.8.0_151'
Driver info: driver.version: unknown
	at org.openqa.selenium.support.ui.FluentWait.timeoutException(FluentWait.java:292)
	at org.openqa.selenium.support.ui.FluentWait.until(FluentWait.java:261)
	at com.qmetry.qaf.automation.ui.webdriver.QAFExtendedWebElement.waitForVisible(QAFExtendedWebElement.java:475)
	at com.ass2.pages.Category.selectProduct_aroundBody2(Category.java:43)
	at com.ass2.pages.Category$AjcClosure3.run(Category.java:1)
	at org.aspectj.runtime.reflect.JoinPointImpl.proceed(JoinPointImpl.java:149)
	at com.qmetry.qaf.automation.step.JavaStepReporter.javaTestStep(JavaStepReporter.java:101)
	at com.ass2.pages.Category.selectProduct(Category.java:42)
	at sun.reflect.NativeMethodAccessorImpl.invoke0(Native Method)
	at sun.reflect.NativeMethodAccessorImpl.invoke(NativeMethodAccessorImpl.java:62)
	at sun.reflect.DelegatingMethodAccessorImpl.invoke(DelegatingMethodAccessorImpl.java:43)
	at java.lang.reflect.Method.invoke(Method.java:498)
	at com.qmetry.qaf.automation.step.JavaStep.doExecute(JavaStep.java:160)
	at com.qmetry.qaf.automation.step.BaseTestStep.execute(BaseTestStep.java:149)
	at com.qmetry.qaf.automation.step.StringTestStep.execute(StringTestStep.java:134)
	at com.qmetry.qaf.automation.step.client.Scenario.execute(Scenario.java:169)
	at com.qmetry.qaf.automation.step.client.Scenario.scenario(Scenario.java:221)
	at sun.reflect.NativeMethodAccessorImpl.invoke0(Native Method)
	at sun.reflect.NativeMethodAccessorImpl.invoke(NativeMethodAccessorImpl.java:62)
	at sun.reflect.DelegatingMethodAccessorImpl.invoke(DelegatingMethodAccessorImpl.java:43)
	at java.lang.reflect.Method.invoke(Method.java:498)
	at org.testng.internal.MethodInvocationHelper.invokeMethod(MethodInvocationHelper.java:104)
	at org.testng.internal.Invoker.invokeMethod(Invoker.java:645)
	at org.testng.internal.Invoker.invokeTestMethod(Invoker.java:851)
	at org.testng.internal.Invoker.invokeTestMethods(Invoker.java:1177)
	at org.testng.internal.TestMethodWorker.invokeTestMethods(TestMethodWorker.java:129)
	at org.testng.internal.TestMethodWorker.run(TestMethodWorker.java:112)
	at org.testng.TestRunner.privateRun(TestRunner.java:781)
	at org.testng.TestRunner.run(TestRunner.java:635)
	at org.testng.SuiteRunner.runTest(SuiteRunner.java:387)
	at org.testng.SuiteRunner.runSequentially(SuiteRunner.java:382)
	at org.testng.SuiteRunner.privateRun(SuiteRunner.java:340)
	at org.testng.SuiteRunner.run(SuiteRunner.java:289)
	at org.testng.SuiteRunnerWorker.runSuite(SuiteRunnerWorker.java:52)
	at org.testng.SuiteRunnerWorker.run(SuiteRunnerWorker.java:86)
	at org.testng.TestNG.runSuitesSequentially(TestNG.java:1293)
	at org.testng.TestNG.runSuitesLocally(TestNG.java:1218)
	at org.testng.TestNG.runSuites(TestNG.java:1133)
	at org.testng.TestNG.run(TestNG.java:1104)
	at org.testng.remote.AbstractRemoteTestNG.run(AbstractRemoteTestNG.java:114)
	at org.testng.remote.RemoteTestNG.initAndRun(RemoteTestNG.java:251)
	at org.testng.remote.RemoteTestNG.main(RemoteTestNG.java:77)
18:53:23 Completed Teststep: Given When I click on ipad
18:53:24 Competed scenario: Component with status FAILURE
