11:36:07 scenario.file.loc[Ljava.lang.String;@4e91d63f
11:36:07 loading BDD file: scenarios/suite1.bdd
11:36:07 total test found: 2
11:36:07 

Executing scenario: Data Driven - XML Data Driven
11:36:07 Test Data{categoryname=Electronics, subcategoryname=Apple, productname=iPad, productindex=0}
11:36:07 pkg: com.qmetry.qaf.automation.step
11:36:07 pkg: com.ass2
11:36:07 Found duplicate step to load [] with [lower] prority then []
11:36:07 Invoking Teststep: Given I launch flipkart app
11:36:18 Completed Teststep: Given I launch flipkart app
11:36:18 Invoking Teststep: When I open ${categoryname} from main menu with arguments: [${categoryname}]
11:36:20 Completed Teststep: When I open Electronics from main menu with arguments: [${categoryname}]
11:36:20 Invoking Teststep: Then I should see main menu expanded
11:36:20 Completed Teststep: Then I should see main menu expanded
11:36:20 Invoking Teststep: When I select ${subcategoryname} from ${categoryname} with arguments: [${subcategoryname}, ${categoryname}]
11:36:20 Completed Teststep: When I select Apple from Electronics with arguments: [${subcategoryname}, ${categoryname}]
11:36:20 Invoking Teststep: Then I should see all items under ${subcategoryname} with arguments: [${subcategoryname}]
11:36:20 Completed Teststep: Then I should see all items under ${subcategoryname} with arguments: [${subcategoryname}]
11:36:20 Competed scenario: Data Driven with status SUCESS
11:36:20 

Executing scenario: Component - Scenario2
11:36:20 Invoking Teststep: Given When I click on ipad
11:36:24 Completed Teststep: Given When I click on ipad
11:36:24 Invoking Teststep: Then I should see list of ipad products
11:36:25 Completed Teststep: Then I should see list of ipad products
11:36:26 Invoking Teststep: When I select first product
11:36:26 Completed Teststep: When I select first product
11:36:26 Invoking Teststep: Then I should see product detail page
11:36:31 Completed Teststep: Then I should see product detail page
11:36:31 Invoking Teststep: When I add the product to cart
11:36:31 Completed Teststep: When I add the product to cart
11:36:31 Invoking Teststep: Then I should see the added product in cart
11:37:02 Failure Teststep: Then I should see the added product in cart
org.openqa.selenium.TimeoutException: Timed out after 30 seconds waiting for presence of element located by: Using any of[css=._3wU53n, css=._325-ji _3ROAwx]
Build info: version: '2.53.0', revision: '35ae25b1534ae328c771e0856c93e187490ca824', time: '2016-03-15 10:43:46'
System info: host: 'ICPL12361', ip: '10.11.28.215', os.name: 'Windows 10', os.arch: 'amd64', os.version: '10.0', java.version: '1.8.0_151'
Driver info: driver.version: QAFExtendedWebDriver
	at org.openqa.selenium.support.ui.FluentWait.timeoutException(FluentWait.java:292)
	at org.openqa.selenium.support.ui.FluentWait.until(FluentWait.java:261)
	at com.qmetry.qaf.automation.ui.webdriver.QAFExtendedWebDriver.load(QAFExtendedWebDriver.java:214)
	at com.qmetry.qaf.automation.ui.webdriver.QAFExtendedWebElement.load(QAFExtendedWebElement.java:284)
	at com.qmetry.qaf.automation.ui.webdriver.QAFExtendedWebElement.execute(QAFExtendedWebElement.java:239)
	at org.openqa.selenium.remote.RemoteWebElement.getText(RemoteWebElement.java:179)
	at com.ass2.pages.MyCart.verifyProdDetailIncartPage(MyCart.java:34)
	at com.ass2.steps.FlipkartStep.verifyProductDetail_aroundBody20(FlipkartStep.java:87)
	at com.ass2.steps.FlipkartStep$AjcClosure21.run(FlipkartStep.java:1)
	at org.aspectj.runtime.reflect.JoinPointImpl.proceed(JoinPointImpl.java:149)
	at com.qmetry.qaf.automation.step.JavaStepReporter.javaTestStep(JavaStepReporter.java:101)
	at com.ass2.steps.FlipkartStep.verifyProductDetail(FlipkartStep.java:85)
	at sun.reflect.NativeMethodAccessorImpl.invoke0(Native Method)
	at sun.reflect.NativeMethodAccessorImpl.invoke(NativeMethodAccessorImpl.java:62)
	at sun.reflect.DelegatingMethodAccessorImpl.invoke(DelegatingMethodAccessorImpl.java:43)
	at java.lang.reflect.Method.invoke(Method.java:498)
	at com.qmetry.qaf.automation.step.JavaStep.doExecute(JavaStep.java:160)
	at com.qmetry.qaf.automation.step.BaseTestStep.execute(BaseTestStep.java:149)
	at com.qmetry.qaf.automation.step.StringTestStep.execute(StringTestStep.java:134)
	at com.qmetry.qaf.automation.step.client.Scenario.execute(Scenario.java:169)
	at com.qmetry.qaf.automation.step.client.Scenario.scenario(Scenario.java:221)
	at sun.reflect.NativeMethodAccessorImpl.invoke0(Native Method)
	at sun.reflect.NativeMethodAccessorImpl.invoke(NativeMethodAccessorImpl.java:62)
	at sun.reflect.DelegatingMethodAccessorImpl.invoke(DelegatingMethodAccessorImpl.java:43)
	at java.lang.reflect.Method.invoke(Method.java:498)
	at org.testng.internal.MethodInvocationHelper.invokeMethod(MethodInvocationHelper.java:104)
	at org.testng.internal.Invoker.invokeMethod(Invoker.java:645)
	at org.testng.internal.Invoker.invokeTestMethod(Invoker.java:851)
	at org.testng.internal.Invoker.invokeTestMethods(Invoker.java:1177)
	at org.testng.internal.TestMethodWorker.invokeTestMethods(TestMethodWorker.java:129)
	at org.testng.internal.TestMethodWorker.run(TestMethodWorker.java:112)
	at org.testng.TestRunner.privateRun(TestRunner.java:781)
	at org.testng.TestRunner.run(TestRunner.java:635)
	at org.testng.SuiteRunner.runTest(SuiteRunner.java:387)
	at org.testng.SuiteRunner.runSequentially(SuiteRunner.java:382)
	at org.testng.SuiteRunner.privateRun(SuiteRunner.java:340)
	at org.testng.SuiteRunner.run(SuiteRunner.java:289)
	at org.testng.SuiteRunnerWorker.runSuite(SuiteRunnerWorker.java:52)
	at org.testng.SuiteRunnerWorker.run(SuiteRunnerWorker.java:86)
	at org.testng.TestNG.runSuitesSequentially(TestNG.java:1293)
	at org.testng.TestNG.runSuitesLocally(TestNG.java:1218)
	at org.testng.TestNG.runSuites(TestNG.java:1133)
	at org.testng.TestNG.run(TestNG.java:1104)
	at org.testng.remote.AbstractRemoteTestNG.run(AbstractRemoteTestNG.java:114)
	at org.testng.remote.RemoteTestNG.initAndRun(RemoteTestNG.java:251)
	at org.testng.remote.RemoteTestNG.main(RemoteTestNG.java:77)
Caused by: org.openqa.selenium.NoSuchElementException: Cannot locate an element using Using any of[css=._3wU53n, css=._325-ji _3ROAwx]
For documentation on this error, please visit: http://seleniumhq.org/exceptions/no_such_element.html
Build info: version: '2.53.0', revision: '35ae25b1534ae328c771e0856c93e187490ca824', time: '2016-03-15 10:43:46'
System info: host: 'ICPL12361', ip: '10.11.28.215', os.name: 'Windows 10', os.arch: 'amd64', os.version: '10.0', java.version: '1.8.0_151'
Driver info: driver.version: QAFExtendedWebDriver
	at com.qmetry.qaf.automation.ui.webdriver.ByAny.findElement(ByAny.java:54)
	at org.openqa.selenium.remote.RemoteWebDriver.findElement(RemoteWebDriver.java:355)
	at com.qmetry.qaf.automation.ui.webdriver.QAFExtendedWebDriver.findElement(QAFExtendedWebDriver.java:169)
	at com.qmetry.qaf.automation.ui.webdriver.QAFExtendedWebDriver.findElement(QAFExtendedWebDriver.java:1)
	at org.openqa.selenium.support.ui.ExpectedConditions.findElement(ExpectedConditions.java:899)
	at org.openqa.selenium.support.ui.ExpectedConditions.access$000(ExpectedConditions.java:41)
	at org.openqa.selenium.support.ui.ExpectedConditions$6.apply(ExpectedConditions.java:181)
	at org.openqa.selenium.support.ui.ExpectedConditions$6.apply(ExpectedConditions.java:178)
	at org.openqa.selenium.support.ui.FluentWait.until(FluentWait.java:238)
	... 44 more
11:37:02 Completed Teststep: Then I should see the added product in cart
11:37:02 Competed scenario: Component with status FAILURE
